<?xml version="1.0" encoding="UTF-8"?>
<!-- Generated by org.testng.reporters.JUnitXMLReporter -->
<testsuite hostname="Ketan-PC" name="ChromeRun" tests="2" failures="1" timestamp="6 May 2017 05:25:42 GMT" time="74.117" errors="0">
  <testcase name="Login" time="3.342" classname="pageFactoryTestCases.LoginPageTestCases"/>
  <testcase name="validLogin" time="0.233" classname="pageFactoryTestCases.LoginPageTestCases">
    <failure type="java.lang.ArithmeticException" message="/ by zero">
      <![CDATA[java.lang.ArithmeticException: / by zero
	at pageFactoryTestCases.LoginPageTestCases.validLogin(LoginPageTestCases.java:45)
... Removed 24 stack frames]]>
    </failure>
  </testcase> <!-- validLogin -->
</testsuite> <!-- ChromeRun -->
