<?xml version="1.0" encoding="UTF-8"?>
<!-- Generated by org.testng.reporters.JUnitXMLReporter -->
<testsuite hostname="Ketan-PC" ignored="0" name="Regress" tests="4" failures="3" timestamp="22 May 2017 17:42:28 GMT" time="0.85" errors="0">
  <testcase name="blankEmailIDLogin" time="0.119" classname="pageFactoryTestCases.LoginPageTestCases">
    <failure type="java.lang.NullPointerException">
      <![CDATA[java.lang.NullPointerException
	at commonLibrary.BaseClass.takeScreenShot(BaseClass.java:800)
	at pageFactoryTestCases.LoginPageTestCases.blankEmailIDLogin(LoginPageTestCases.java:42)
	at java.util.concurrent.ThreadPoolExecutor.runWorker(ThreadPoolExecutor.java:1142)
	at java.util.concurrent.ThreadPoolExecutor$Worker.run(ThreadPoolExecutor.java:617)
	at java.lang.Thread.run(Thread.java:745)
... Removed 10 stack frames]]>
    </failure>
  </testcase> <!-- blankEmailIDLogin -->
  <testcase name="invalidLoginCredentials" time="0.076" classname="pageFactoryTestCases.LoginPageTestCases">
    <failure type="java.lang.NullPointerException">
      <![CDATA[java.lang.NullPointerException
	at commonLibrary.BaseClass.takeScreenShot(BaseClass.java:800)
	at pageFactoryTestCases.LoginPageTestCases.invalidLoginCredentials(LoginPageTestCases.java:68)
	at java.util.concurrent.ThreadPoolExecutor.runWorker(ThreadPoolExecutor.java:1142)
	at java.util.concurrent.ThreadPoolExecutor$Worker.run(ThreadPoolExecutor.java:617)
	at java.lang.Thread.run(Thread.java:745)
... Removed 10 stack frames]]>
    </failure>
  </testcase> <!-- invalidLoginCredentials -->
  <testcase name="validLogin" time="0.1" classname="pageFactoryTestCases.LoginPageTestCases">
    <failure type="java.lang.AssertionError" message="expected [false] but found [true]">
      <![CDATA[java.lang.AssertionError: expected [false] but found [true]
	at commonLibrary.Assertion.assertDisplyed(Assertion.java:58)
	at pageFactoryTestCases.LoginPageTestCases.validLogin(LoginPageTestCases.java:82)
	at java.util.concurrent.ThreadPoolExecutor.runWorker(ThreadPoolExecutor.java:1142)
	at java.util.concurrent.ThreadPoolExecutor$Worker.run(ThreadPoolExecutor.java:617)
	at java.lang.Thread.run(Thread.java:745)
... Removed 16 stack frames]]>
    </failure>
  </testcase> <!-- validLogin -->
  <testcase name="blankPasswordLogin" time="0.0" classname="pageFactoryTestCases.LoginPageTestCases">
    <skipped/>
  </testcase> <!-- blankPasswordLogin -->
</testsuite> <!-- Regress -->
