<?xml version="1.0" encoding="UTF-8"?>
<!-- Generated by org.testng.reporters.JUnitXMLReporter -->
<testsuite hostname="Ketan-PC" ignored="1" name="Regression" tests="3" failures="2" timestamp="23 May 2017 05:00:05 GMT" time="0.659" errors="0">
  <testcase name="invalidLoginCredentials" time="0.463" classname="pageFactoryTestCases.LoginPageTestCases">
    <failure type="java.lang.NullPointerException">
      <![CDATA[java.lang.NullPointerException
	at commonLibrary.BaseClass.takeScreenShot(BaseClass.java:800)
	at pageFactoryTestCases.LoginPageTestCases.invalidLoginCredentials(LoginPageTestCases.java:64)
... Removed 25 stack frames]]>
    </failure>
  </testcase> <!-- invalidLoginCredentials -->
  <testcase name="validLogin" time="0.102" classname="pageFactoryTestCases.LoginPageTestCases">
    <failure type="java.lang.AssertionError" message="expected [false] but found [true]">
      <![CDATA[java.lang.AssertionError: expected [false] but found [true]
	at commonLibrary.Assertion.assertDisplyed(Assertion.java:58)
	at pageFactoryTestCases.LoginPageTestCases.validLogin(LoginPageTestCases.java:78)
... Removed 31 stack frames]]>
    </failure>
  </testcase> <!-- validLogin -->
  <testcase name="blankPasswordLogin" time="0.0" classname="pageFactoryTestCases.LoginPageTestCases">
    <skipped/>
  </testcase> <!-- blankPasswordLogin -->
  <testcase name="blankEmailIDLogin" time="0.0" classname="pageFactoryTestCases.LoginPageTestCases">
    <ignored/>
  </testcase> <!-- blankEmailIDLogin -->
</testsuite> <!-- Regression -->
