<?xml version="1.0" encoding="UTF-8"?>
<!-- Generated by org.testng.reporters.JUnitXMLReporter -->
<testsuite hostname="Ketan-PC" name="Regreesion" tests="4" failures="0" timestamp="6 May 2017 07:24:46 GMT" time="59.075" errors="0">
  <testcase name="blankEmailIDLogin" time="1.911" classname="pageFactoryTestCases.LoginPageTestCases"/>
  <testcase name="blankPasswordLogin" time="1.926" classname="pageFactoryTestCases.LoginPageTestCases"/>
  <testcase name="invalidLoginCredentials" time="3.169" classname="pageFactoryTestCases.LoginPageTestCases"/>
  <testcase name="validLogin" time="13.678" classname="pageFactoryTestCases.LoginPageTestCases"/>
</testsuite> <!-- Regreesion -->
