<?xml version="1.0" encoding="UTF-8"?>
<!-- Generated by org.testng.reporters.JUnitXMLReporter -->
<testsuite hostname="KETAN-PC" ignored="0" name="Test" tests="1" failures="0" timestamp="11 Jan 2018 17:13:59 GMT" time="19.694" errors="0">
  <testcase name="@BeforeMethod browserOpen" time="0.0" classname="testBase.TestBase">
    <failure type="java.lang.IllegalStateException" message="The path to the driver executable must be set by the phantomjs.binary.path capability/system property/PATH variable; for more information, see https://github.com/ariya/phantomjs/wiki. The latest version can be downloaded from http://phantomjs.org/download.html">
      <![CDATA[java.lang.IllegalStateException: The path to the driver executable must be set by the phantomjs.binary.path capability/system property/PATH variable; for more information, see https://github.com/ariya/phantomjs/wiki. The latest version can be downloaded from http://phantomjs.org/download.html
	at com.google.common.base.Preconditions.checkState(Preconditions.java:738)
	at org.openqa.selenium.phantomjs.PhantomJSDriverService.findPhantomJS(PhantomJSDriverService.java:236)
	at org.openqa.selenium.phantomjs.PhantomJSDriverService.createDefaultService(PhantomJSDriverService.java:181)
	at org.openqa.selenium.phantomjs.PhantomJSDriver.<init>(PhantomJSDriver.java:105)
	at org.openqa.selenium.phantomjs.PhantomJSDriver.<init>(PhantomJSDriver.java:95)
	at core.BaseClass.browserInitialize(BaseClass.java:58)
	at testBase.TestBase.browserOpen(TestBase.java:20)
... Removed 27 stack frames]]>
    </failure>
  </testcase> <!-- @BeforeMethod browserOpen -->
  <testcase name="@AfterMethod Close" time="0.0" classname="testBase.TestBase">
    <failure type="java.lang.NullPointerException">
      <![CDATA[java.lang.NullPointerException
	at core.BaseClass.closeAllBrowser(BaseClass.java:131)
	at testBase.TestBase.Close(TestBase.java:28)
... Removed 27 stack frames]]>
    </failure>
  </testcase> <!-- @AfterMethod Close -->
  <testcase name="blankEmailIDLogin" time="5.04" classname="pageFactoryTestCases.LoginPageTestCases">
    <skipped/>
  </testcase> <!-- blankEmailIDLogin -->
</testsuite> <!-- Test -->
