<?xml version="1.0" encoding="UTF-8"?>
<!-- Generated by org.testng.reporters.JUnitXMLReporter -->
<testsuite hostname="Ketan-PC" ignored="1" name="GRP-Formal" tests="3" failures="1" timestamp="26 May 2017 17:23:30 GMT" time="40.732" errors="0">
  <testcase name="invalidLoginCredentials" time="14.65" classname="pageFactoryTestCases.LoginPageTestCases"/>
  <testcase name="validLogin" time="15.265" classname="pageFactoryTestCases.LoginPageTestCases">
    <failure type="java.lang.AssertionError" message="expected [false] but found [true]">
      <![CDATA[java.lang.AssertionError: expected [false] but found [true]
	at commonLibrary.Assertion.assertDisplyed(Assertion.java:58)
	at pageFactoryTestCases.LoginPageTestCases.validLogin(LoginPageTestCases.java:70)
... Removed 31 stack frames]]>
    </failure>
  </testcase> <!-- validLogin -->
  <testcase name="blankPasswordLogin" time="10.716" classname="pageFactoryTestCases.LoginPageTestCases"/>
  <testcase name="blankEmailIDLogin" time="0.0" classname="pageFactoryTestCases.LoginPageTestCases">
    <ignored/>
  </testcase> <!-- blankEmailIDLogin -->
</testsuite> <!-- GRP-Formal -->
